2022/11/26 15:00:42 [96495] rsync: connection unexpectedly closed (0 bytes received so far) [sender]
2022/11/26 15:00:42 [96495] sent 0 bytes  received 0 bytes  total size 0
2022/11/26 15:00:42 [96495] rsync error: unexplained error (code 255) at io.c(228) [sender=3.2.3]
2022/11/26 15:00:50 [96498] rsync: connection unexpectedly closed (0 bytes received so far) [sender]
2022/11/26 15:00:50 [96498] sent 0 bytes  received 0 bytes  total size 0
2022/11/26 15:00:50 [96498] rsync error: unexplained error (code 255) at io.c(228) [sender=3.2.3]
2022/11/26 15:00:54 [96519] rsync: connection unexpectedly closed (0 bytes received so far) [sender]
2022/11/26 15:00:54 [96519] sent 0 bytes  received 0 bytes  total size 0
2022/11/26 15:00:54 [96519] rsync error: unexplained error (code 255) at io.c(228) [sender=3.2.3]
2022/11/26 15:01:02 [96522] rsync: connection unexpectedly closed (0 bytes received so far) [sender]
2022/11/26 15:01:02 [96522] sent 0 bytes  received 0 bytes  total size 0
2022/11/26 15:01:02 [96522] rsync error: unexplained error (code 255) at io.c(228) [sender=3.2.3]
2022/11/26 15:02:50 [96607] rsync: connection unexpectedly closed (0 bytes received so far) [sender]
2022/11/26 15:02:50 [96607] sent 0 bytes  received 0 bytes  total size 0
2022/11/26 15:02:50 [96607] rsync error: unexplained error (code 255) at io.c(228) [sender=3.2.3]
2022/11/26 15:02:58 [96610] rsync: connection unexpectedly closed (0 bytes received so far) [sender]
2022/11/26 15:02:58 [96610] sent 0 bytes  received 0 bytes  total size 0
2022/11/26 15:02:58 [96610] rsync error: unexplained error (code 255) at io.c(228) [sender=3.2.3]
2022/11/26 15:03:02 [96659] rsync: connection unexpectedly closed (0 bytes received so far) [sender]
2022/11/26 15:03:02 [96659] sent 0 bytes  received 0 bytes  total size 0
2022/11/26 15:03:02 [96659] rsync error: unexplained error (code 255) at io.c(228) [sender=3.2.3]
2022/11/26 15:03:10 [96662] rsync: connection unexpectedly closed (0 bytes received so far) [sender]
2022/11/26 15:03:10 [96662] sent 0 bytes  received 0 bytes  total size 0
2022/11/26 15:03:10 [96662] rsync error: unexplained error (code 255) at io.c(228) [sender=3.2.3]
2022/11/26 15:13:39 [97312] rsync: connection unexpectedly closed (0 bytes received so far) [sender]
2022/11/26 15:13:39 [97312] sent 0 bytes  received 0 bytes  total size 0
2022/11/26 15:13:39 [97312] rsync error: unexplained error (code 255) at io.c(228) [sender=3.2.3]
2022/11/26 15:13:48 [97315] rsync: connection unexpectedly closed (0 bytes received so far) [sender]
2022/11/26 15:13:48 [97315] sent 0 bytes  received 0 bytes  total size 0
2022/11/26 15:13:48 [97315] rsync error: unexplained error (code 255) at io.c(228) [sender=3.2.3]
2022/11/26 15:13:51 [97337] rsync: connection unexpectedly closed (0 bytes received so far) [sender]
2022/11/26 15:13:51 [97337] sent 0 bytes  received 0 bytes  total size 0
2022/11/26 15:13:51 [97337] rsync error: unexplained error (code 255) at io.c(228) [sender=3.2.3]
2022/11/26 15:13:59 [97340] rsync: connection unexpectedly closed (0 bytes received so far) [sender]
2022/11/26 15:13:59 [97340] sent 0 bytes  received 0 bytes  total size 0
2022/11/26 15:13:59 [97340] rsync error: unexplained error (code 255) at io.c(228) [sender=3.2.3]
2022/12/05 14:24:48 [115719] rsync: connection unexpectedly closed (0 bytes received so far) [sender]
2022/12/05 14:24:48 [115719] sent 0 bytes  received 0 bytes  total size 0
2022/12/05 14:24:48 [115719] rsync error: unexplained error (code 255) at io.c(228) [sender=3.2.3]
2022/12/05 14:24:48 [115722] building file list
2022/12/05 14:24:49 [115722] sent 814 bytes  received 11 bytes  1,650.00 bytes/sec
2022/12/05 14:24:49 [115722] total size is 33,852,343  speedup is 41,033.14
